\BOOKMARK [1][]{section.1}{\376\377\003\230\003\265\003\311\003\301\003\267\003\304\003\271\003\272\003\314\000\040\003\305\003\300\003\314\003\262\003\261\003\270\003\301\003\277}{}% 1
\BOOKMARK [2][]{subsection.1.1}{\376\377\000T\000o\000\040\003\300\003\301\003\311\003\304\003\314\003\272\003\277\003\273\003\273\003\277\000\040\0008\0000\0002\000.\0001\000Q}{section.1}% 2
\BOOKMARK [2][]{subsection.1.2}{\376\377\003\222\003\261\003\303\003\271\003\272\003\256\000\040\003\300\003\261\003\301\003\261\003\274\003\265\003\304\003\301\003\277\003\300\003\277\003\257\003\267\003\303\003\267\000\040\000V\000L\000A\000N}{section.1}% 3
\BOOKMARK [2][]{subsection.1.3}{\376\377\000T\000o\000\040\003\300\003\301\003\311\003\304\003\314\003\272\003\277\003\273\003\273\003\277\000\040\000V\000T\000P}{section.1}% 4
\BOOKMARK [2][]{subsection.1.4}{\376\377\000T\000o\000\040\003\300\003\301\003\311\003\304\003\314\003\272\003\277\003\273\003\273\003\277\000\040\000D\000T\000P}{section.1}% 5
\BOOKMARK [1][]{section.2}{\376\377\003\240\003\301\003\277\003\265\003\304\003\277\003\271\003\274\003\261\003\303\003\257\003\261\000\040\003\264\003\271\003\272\003\304\003\315\003\277\003\305}{}% 6
\BOOKMARK [1][]{section.3}{\376\377\003\243\003\265\003\275\003\254\003\301\003\271\003\277\000:\000\040\003\224\003\301\003\277\003\274\003\277\003\273\003\314\003\263\003\267\003\303\003\267\000\040\003\274\003\265\003\304\003\261\003\276\003\315\000\040\000V\000L\000A\000N}{}% 7
\BOOKMARK [2][]{subsection.3.1}{\376\377\003\224\003\267\003\274\003\271\003\277\003\305\003\301\003\263\003\257\003\261\000\040\003\272\003\261\003\271\000\040\003\300\003\261\003\301\003\261\003\274\003\265\003\304\003\301\003\277\003\300\003\277\003\257\003\267\003\303\003\267\000\040\003\304\003\311\003\275\000\040\000V\000L\000A\000N}{section.3}% 8
\BOOKMARK [2][]{subsection.3.2}{\376\377\003\221\003\275\003\254\003\270\003\265\003\303\003\267\000\040\003\304\003\311\003\275\000\040\003\270\003\305\003\301\003\316\003\275\000\040\003\303\003\265\000\040\000V\000L\000A\000N}{section.3}% 9
\BOOKMARK [2][]{subsection.3.3}{\376\377\003\241\003\315\003\270\003\274\003\271\003\303\003\267\000\040\003\304\003\311\003\275\000\040\003\303\003\305\003\263\003\272\003\261\003\275\003\261\003\273\003\316\003\303\003\265\003\311\003\275}{section.3}% 10
\BOOKMARK [2][]{subsection.3.4}{\376\377\003\241\003\315\003\270\003\274\003\271\003\303\003\267\000\040\003\304\003\311\003\275\000\040\000S\000V\000I}{section.3}% 11
\BOOKMARK [2][]{subsection.3.5}{\376\377\003\241\003\315\003\270\003\274\003\271\003\303\003\267\000\040\003\304\003\267\003\302\000\040\003\264\003\301\003\277\003\274\003\277\003\273\003\314\003\263\003\267\003\303\003\267\003\302\000\040\003\274\003\265\003\304\003\261\003\276\003\315\000\040\003\304\003\311\003\275\000\040\000V\000L\000A\000N}{section.3}% 12
\BOOKMARK [2][]{subsection.3.6}{\376\377\003\224\003\277\003\272\003\271\003\274\003\255\003\302\000\040\003\303\003\305\003\275\003\264\003\265\003\303\003\271\003\274\003\314\003\304\003\267\003\304\003\261\003\302}{section.3}% 13
\BOOKMARK [1][]{section.4}{\376\377\003\243\003\265\003\275\003\254\003\301\003\271\003\277\000:\000\040\003\244\003\261\000\040\003\300\003\301\003\311\003\304\003\314\003\272\003\277\003\273\003\273\003\261\000\040\000V\000T\000P\000\040\003\272\003\261\003\271\000\040\000D\000T\000P}{}% 14
\BOOKMARK [2][]{subsection.4.1}{\376\377\003\225\003\300\003\261\003\275\003\261\003\306\003\277\003\301\003\254\000\040\003\301\003\305\003\270\003\274\003\257\003\303\003\265\003\311\003\275}{section.4}% 15
\BOOKMARK [2][]{subsection.4.2}{\376\377\003\237\003\301\003\271\003\303\003\274\003\314\003\302\000\040\003\265\003\276\003\305\003\300\003\267\003\301\003\265\003\304\003\267\003\304\003\256\000\040\000V\000T\000P}{section.4}% 16
\BOOKMARK [2][]{subsection.4.3}{\376\377\003\237\003\301\003\271\003\303\003\274\003\314\003\302\000\040\003\300\003\265\003\273\003\254\003\304\003\267\000\040\000V\000T\000P}{section.4}% 17
\BOOKMARK [2][]{subsection.4.4}{\376\377\003\241\003\315\003\270\003\274\003\271\003\303\003\267\000\040\003\304\003\277\003\305\000\040\000D\000T\000P}{section.4}% 18
\BOOKMARK [2][]{subsection.4.5}{\376\377\003\224\003\267\003\274\003\271\003\277\003\305\003\301\003\263\003\257\003\261\000\040\000V\000L\000A\000N\000\040\003\272\003\261\003\271\000\040\003\261\003\275\003\254\003\270\003\265\003\303\003\267\000\040\003\270\003\305\003\301\003\316\003\275}{section.4}% 19
\BOOKMARK [2][]{subsection.4.6}{\376\377\003\224\003\277\003\272\003\271\003\274\003\255\003\302\000\040\003\303\003\305\003\275\003\264\003\265\003\303\003\271\003\274\003\314\003\304\003\267\003\304\003\261\003\302}{section.4}% 20
