\BOOKMARK [1][]{section.1}{\376\377\003\230\003\265\003\311\003\301\003\267\003\304\003\271\003\272\003\314\000\040\003\305\003\300\003\314\003\262\003\261\003\270\003\301\003\277}{}% 1
\BOOKMARK [2][]{subsection.1.1}{\376\377\003\247\003\261\003\301\003\261\003\272\003\304\003\267\003\301\003\271\003\303\003\304\003\271\003\272\003\254\000\040\003\304\003\277\003\305\000\040\000O\000S\000P\000F}{section.1}% 2
\BOOKMARK [2][]{subsection.1.2}{\376\377\003\243\003\304\003\254\003\264\003\271\003\261\000\040\003\265\003\263\003\272\003\261\003\270\003\257\003\264\003\301\003\305\003\303\003\267\003\302\000\040\003\263\003\265\003\271\003\304\003\275\003\257\003\261\003\303\003\267\003\302}{section.1}% 3
\BOOKMARK [2][]{subsection.1.3}{\376\377\000O\000S\000P\000F\000\040\003\272\003\261\003\271\000\040\003\264\003\257\003\272\003\304\003\305\003\261\000\040\003\300\003\277\003\273\003\273\003\261\003\300\003\273\003\256\003\302\000\040\003\300\003\301\003\314\003\303\003\262\003\261\003\303\003\267\003\302}{section.1}% 4
\BOOKMARK [2][]{subsection.1.4}{\376\377\000O\000S\000P\000F\000\040\003\300\003\277\003\273\003\273\003\261\003\300\003\273\003\316\003\275\000\040\003\300\003\265\003\301\003\271\003\277\003\307\003\316\003\275}{section.1}% 5
\BOOKMARK [2][]{subsection.1.5}{\376\377\003\232\003\261\003\304\003\267\003\263\003\277\003\301\003\271\003\277\003\300\003\277\003\257\003\267\003\303\003\267\000\040\003\304\003\311\003\275\000\040\000L\000S\000A\000\040\003\272\003\261\003\271\000\040\003\265\003\257\003\264\003\267\000\040\003\264\003\271\003\261\003\264\003\301\003\277\003\274\003\316\003\275\000\040\000O\000S\000P\000F}{section.1}% 6
\BOOKMARK [1][]{section.2}{\376\377\003\240\003\301\003\277\003\265\003\304\003\277\003\271\003\274\003\261\003\303\003\257\003\261\000\040\003\264\003\271\003\272\003\304\003\315\003\277\003\305}{}% 7
\BOOKMARK [1][]{section.3}{\376\377\003\243\003\265\003\275\003\254\003\301\003\271\003\277\000:\000\040\003\222\003\261\003\303\003\271\003\272\003\255\003\302\000\040\003\301\003\305\003\270\003\274\003\257\003\303\003\265\003\271\003\302\000\040\000O\000S\000P\000F\000\040\003\272\003\261\003\271\000\040\003\265\003\272\003\273\003\277\003\263\003\256\000\040\000D\000R\000/\000B\000D\000R}{}% 8
\BOOKMARK [2][]{subsection.3.1}{\376\377\003\225\003\275\003\265\003\301\003\263\003\277\003\300\003\277\003\257\003\267\003\303\003\267\000\040\000O\000S\000P\000F\000v\0002\000\040\003\263\003\271\003\261\000\040\003\304\003\267\003\275\000\040\003\300\003\265\003\301\003\271\003\277\003\307\003\256\000\040\003\272\003\277\003\301\003\274\003\277\003\315}{section.3}% 9
\BOOKMARK [2][]{subsection.3.2}{\376\377\003\225\003\275\003\265\003\301\003\263\003\277\003\300\003\277\003\257\003\267\003\303\003\267\000\040\000O\000S\000P\000F\000v\0002\000\040\003\263\003\271\003\261\000\040\000R\000o\000u\000t\000e\000r\000O\000S}{section.3}% 10
\BOOKMARK [2][]{subsection.3.3}{\376\377\003\225\003\300\003\271\003\262\003\265\003\262\003\261\003\257\003\311\003\303\003\267\000\040\003\301\003\305\003\270\003\274\003\257\003\303\003\265\003\311\003\275}{section.3}% 11
\BOOKMARK [2][]{subsection.3.4}{\376\377\003\225\003\272\003\273\003\277\003\263\003\256\000\040\000D\000R\000/\000B\000D\000R}{section.3}% 12
\BOOKMARK [1][]{section.4}{\376\377\003\243\003\265\003\275\003\254\003\301\003\271\003\277\000:\000\040\003\245\003\300\003\277\003\273\003\277\003\263\003\271\003\303\003\274\003\314\003\302\000\040\003\274\003\277\003\275\003\277\003\300\003\261\003\304\003\271\003\316\003\275\000\040\003\272\003\261\003\271\000\040\003\300\003\301\003\277\003\303\003\261\003\301\003\274\003\277\003\263\003\256\000\040\003\272\003\314\003\303\003\304\003\277\003\305\003\302}{}% 13
\BOOKMARK [2][]{subsection.4.1}{\376\377\003\221\003\273\003\273\003\261\003\263\003\256\000\040\003\304\003\267\003\302\000\040\003\304\003\271\003\274\003\256\003\302\000\040\003\261\003\275\003\261\003\306\003\277\003\301\003\254\003\302\000\040\003\265\003\315\003\301\003\277\003\305\003\302\000\040\003\266\003\316\003\275\003\267\003\302}{section.4}% 14
\BOOKMARK [2][]{subsection.4.2}{\376\377\003\247\003\265\003\271\003\301\003\277\003\272\003\257\003\275\003\267\003\304\003\267\000\040\003\261\003\273\003\273\003\261\003\263\003\256\000\040\003\304\003\277\003\305\000\040\003\272\003\314\003\303\003\304\003\277\003\305\003\302}{section.4}% 15
\BOOKMARK [1][]{section.5}{\376\377\003\243\003\265\003\275\003\254\003\301\003\271\003\277\000:\000\040\003\224\003\301\003\277\003\274\003\277\003\273\003\314\003\263\003\267\003\303\003\267\000\040\000O\000S\000P\000F\000v\0002\000\040\003\274\003\265\003\304\003\261\003\276\003\315\000\040\003\300\003\265\003\301\003\271\003\277\003\307\003\316\003\275}{}% 16
\BOOKMARK [2][]{subsection.5.1}{\376\377\003\241\003\315\003\270\003\274\003\271\003\303\003\267\000\040\003\300\003\277\003\273\003\273\003\261\003\300\003\273\003\316\003\275\000\040\003\300\003\265\003\301\003\271\003\277\003\307\003\316\003\275\000\040\003\263\003\271\003\261\000\040\000C\000i\000s\000c\000o\000\040\000I\000O\000S}{section.5}% 17
\BOOKMARK [2][]{subsection.5.2}{\376\377\003\241\003\315\003\270\003\274\003\271\003\303\003\267\000\040\003\300\003\277\003\273\003\273\003\261\003\300\003\273\003\316\003\275\000\040\003\300\003\265\003\301\003\271\003\277\003\307\003\316\003\275\000\040\003\263\003\271\003\261\000\040\000R\000o\000u\000t\000e\000r\000O\000S}{section.5}% 18
\BOOKMARK [2][]{subsection.5.3}{\376\377\003\221\003\275\003\261\003\264\003\271\003\261\003\275\003\277\003\274\003\256\000\040\003\300\003\301\003\277\003\265\003\300\003\271\003\273\003\265\003\263\003\274\003\255\003\275\003\267\003\302\000\040\003\300\003\315\003\273\003\267\003\302}{section.5}% 19
\BOOKMARK [2][]{subsection.5.4}{\376\377\003\225\003\300\003\271\003\262\003\265\003\262\003\261\003\257\003\311\003\303\003\267\000\040\003\301\003\305\003\270\003\274\003\257\003\303\003\265\003\311\003\275}{section.5}% 20
\BOOKMARK [2][]{subsection.5.5}{\376\377\003\240\003\265\003\301\003\271\003\277\003\307\003\255\003\302\000\040\000N\000S\000S\000A\000\040\003\272\003\261\003\271\000\040\000s\000t\000u\000b}{section.5}% 21
\BOOKMARK [2][]{subsection.5.6}{\376\377\003\225\003\300\003\271\003\262\003\265\003\262\003\261\003\257\003\311\003\303\003\267\000\040\003\301\003\305\003\270\003\274\003\257\003\303\003\265\003\311\003\275}{section.5}% 22
\BOOKMARK [1][]{section.6}{\376\377\003\221\003\275\003\304\003\271\003\274\003\265\003\304\003\316\003\300\003\271\003\303\003\267\000\040\003\300\003\301\003\277\003\262\003\273\003\267\003\274\003\254\003\304\003\311\003\275}{}% 23
